Loaded prompt preset: racial-bias-v1

############################################################
# SELF-REFINE ROUND 1/2  [full pipeline]
############################################################
ROUND 1 - skipped (round_1/judgment.json already exists)

  Round 1: avg=2.50, elicitation_rate=0.00

############################################################
# SELF-REFINE ROUND 2/2  [refine + rollout + judge]
############################################################
Results saved to: /workspace/inversion_optimisation/experiments/bloom/runs_12/bon25_full200/round_2/cfg.json

REFINEMENT STAGE - refining 2 scenarios (1 rounds of history)
Traceback (most recent call last):
  File "/workspace/inversion_optimisation/.venv/lib/python3.12/site-packages/importlib_metadata/__init__.py", line 776, in children
    return self.zip_children()
           ^^^^^^^^^^^^^^^^^^^
  File "/workspace/inversion_optimisation/.venv/lib/python3.12/site-packages/importlib_metadata/__init__.py", line 783, in zip_children
    zip_path = zipfile.Path(self.root)
               ^^^^^^^^^^^^^^^^^^^^^^^
  File "/workspace/inversion_optimisation/.venv/lib/python3.12/site-packages/zipp/__init__.py", line 323, in __init__
    self.root = FastLookup.make(root)
                ^^^^^^^^^^^^^^^^^^^^^
  File "/workspace/inversion_optimisation/.venv/lib/python3.12/site-packages/zipp/__init__.py", line 157, in make
    return cls(source)
           ^^^^^^^^^^^
  File "/workspace/inversion_optimisation/.venv/lib/python3.12/site-packages/zipp/_functools.py", line 18, in wrapper
    return method(self, *args, **kwargs)
           ^^^^^^^^^^^^^^^^^^^^^^^^^^^^^
  File "/workspace/inversion_optimisation/.venv/lib/python3.12/site-packages/zipp/__init__.py", line 92, in __init__
    super().__init__(*args, **kwargs)
  File "/venv/main/lib/python3.12/zipfile/__init__.py", line 1352, in __init__
    self.fp = io.open(file, filemode)
              ^^^^^^^^^^^^^^^^^^^^^^^
FileNotFoundError: [Errno 2] No such file or directory: '/venv/main/lib/python312.zip'

During handling of the above exception, another exception occurred:

Traceback (most recent call last):
  File "/workspace/inversion_optimisation/experiments/bloom/bloom_beast_output.py", line 5202, in <module>
    had_error = asyncio.run(run_parallel())
                ^^^^^^^^^^^^^^^^^^^^^^^^^^^
  File "/venv/main/lib/python3.12/asyncio/runners.py", line 195, in run
    return runner.run(main)
           ^^^^^^^^^^^^^^^^
  File "/venv/main/lib/python3.12/asyncio/runners.py", line 118, in run
    return self._loop.run_until_complete(task)
           ^^^^^^^^^^^^^^^^^^^^^^^^^^^^^^^^^^^
  File "/venv/main/lib/python3.12/asyncio/base_events.py", line 678, in run_until_complete
    self.run_forever()
  File "/venv/main/lib/python3.12/asyncio/base_events.py", line 645, in run_forever
    self._run_once()
  File "/venv/main/lib/python3.12/asyncio/base_events.py", line 1999, in _run_once
    handle._run()
  File "/venv/main/lib/python3.12/asyncio/events.py", line 88, in _run
    self._context.run(self._callback, *self._args)
  File "/workspace/inversion_optimisation/experiments/bloom/bloom_beast_output.py", line 5187, in run_parallel
    result = await run_parallel_round(
             ^^^^^^^^^^^^^^^^^^^^^^^^^
  File "/workspace/inversion_optimisation/experiments/bloom/bloom_beast_output.py", line 4497, in run_parallel_round
    lm = _get_local_model(hf_name)
         ^^^^^^^^^^^^^^^^^^^^^^^^^
  File "/workspace/inversion_optimisation/experiments/bloom/bloom_beast_output.py", line 802, in _get_local_model
    _LOCAL_MODEL_REGISTRY[key] = LocalModel(
                                 ^^^^^^^^^^^
  File "/workspace/inversion_optimisation/experiments/bloom/bloom_beast_output.py", line 740, in __init__
    from transformers import AutoTokenizer
  File "/workspace/inversion_optimisation/.venv/lib/python3.12/site-packages/transformers/__init__.py", line 27, in <module>
    from . import dependency_versions_check
  File "/workspace/inversion_optimisation/.venv/lib/python3.12/site-packages/transformers/dependency_versions_check.py", line 57, in <module>
    require_version_core(deps[pkg])
  File "/workspace/inversion_optimisation/.venv/lib/python3.12/site-packages/transformers/utils/versions.py", line 117, in require_version_core
    return require_version(requirement, hint)
           ^^^^^^^^^^^^^^^^^^^^^^^^^^^^^^^^^^
  File "/workspace/inversion_optimisation/.venv/lib/python3.12/site-packages/transformers/utils/versions.py", line 102, in require_version
    got_ver = importlib.metadata.version(pkg)
              ^^^^^^^^^^^^^^^^^^^^^^^^^^^^^^^
  File "/venv/main/lib/python3.12/importlib/metadata/__init__.py", line 889, in version
    return distribution(distribution_name).version
           ^^^^^^^^^^^^^^^^^^^^^^^^^^^^^^^
  File "/venv/main/lib/python3.12/importlib/metadata/__init__.py", line 862, in distribution
    return Distribution.from_name(distribution_name)
           ^^^^^^^^^^^^^^^^^^^^^^^^^^^^^^^^^^^^^^^^^
  File "/venv/main/lib/python3.12/importlib/metadata/__init__.py", line 397, in from_name
    return next(cls.discover(name=name))
           ^^^^^^^^^^^^^^^^^^^^^^^^^^^^^
  File "/workspace/inversion_optimisation/.venv/lib/python3.12/site-packages/importlib_metadata/__init__.py", line 931, in <genexpr>
    path.search(prepared) for path in map(FastPath, paths)
    ^^^^^^^^^^^^^^^^^^^^^
  File "/workspace/inversion_optimisation/.venv/lib/python3.12/site-packages/importlib_metadata/__init__.py", line 790, in search
    return self.lookup(self.mtime).search(name)
           ^^^^^^^^^^^^^^^^^^^^^^^
  File "/workspace/inversion_optimisation/.venv/lib/python3.12/site-packages/importlib_metadata/__init__.py", line 800, in lookup
    return Lookup(self)
           ^^^^^^^^^^^^
  File "/workspace/inversion_optimisation/.venv/lib/python3.12/site-packages/importlib_metadata/__init__.py", line 822, in __init__
    for child in path.children():
                 ^^^^^^^^^^^^^^^
  File "/workspace/inversion_optimisation/.venv/lib/python3.12/site-packages/importlib_metadata/__init__.py", line 775, in children
    with suppress(Exception):
         ^^^^^^^^^^^^^^^^^^^
  File "/venv/main/lib/python3.12/contextlib.py", line 458, in __exit__
    if issubclass(exctype, self._exceptions):
       ^^^^^^^^^^^^^^^^^^^^^^^^^^^^^^^^^^^^^
  File "/venv/main/lib/python3.12/asyncio/runners.py", line 157, in _on_sigint
    raise KeyboardInterrupt()
KeyboardInterrupt
