\BOOKMARK [1][-]{section.1}{\376\377\000I\000n\000t\000r\000o\000d\000u\000c\000t\000i\000o\000n}{}% 1
\BOOKMARK [1][-]{section.2}{\376\377\000R\000e\000l\000a\000t\000e\000d\000\040\000W\000o\000r\000k}{}% 2
\BOOKMARK [1][-]{section.3}{\376\377\000M\000e\000t\000h\000o\000d}{}% 3
\BOOKMARK [1][-]{section.4}{\376\377\000E\000x\000p\000e\000r\000i\000m\000e\000n\000t\000s}{}% 4
\BOOKMARK [1][-]{section.5}{\376\377\000R\000e\000s\000u\000l\000t\000s}{}% 5
\BOOKMARK [2][-]{subsection.5.1}{\376\377\000H\000e\000a\000d\000l\000i\000n\000e\000:\000\040\000c\000o\000m\000p\000u\000t\000e\000\040\000v\000s\000.\000\040\000p\000e\000r\000f\000o\000r\000m\000a\000n\000c\000e}{section.5}% 6
\BOOKMARK [2][-]{subsection.5.2}{\376\377\000M\000a\000i\000n\000\040\000c\000o\000m\000p\000a\000r\000i\000s\000o\000n}{section.5}% 7
\BOOKMARK [2][-]{subsection.5.3}{\376\377\000Q\000u\000a\000l\000i\000t\000a\000t\000i\000v\000e\000\040\000e\000x\000a\000m\000p\000l\000e\000s}{section.5}% 8
\BOOKMARK [2][-]{subsection.5.4}{\376\377\000C\000o\000m\000p\000o\000n\000e\000n\000t\000\040\000a\000n\000d\000\040\000r\000e\000s\000a\000m\000p\000l\000i\000n\000g\000-\000s\000t\000a\000g\000e\000\040\000a\000b\000l\000a\000t\000i\000o\000n\000s}{section.5}% 9
\BOOKMARK [2][-]{subsection.5.5}{\376\377\000I\000n\000p\000u\000t\000-\000s\000i\000d\000e\000\040\000v\000s\000.\000\040\000o\000u\000t\000p\000u\000t\000-\000s\000i\000d\000e\000\040\000r\000e\000s\000a\000m\000p\000l\000i\000n\000g}{section.5}% 10
\BOOKMARK [2][-]{subsection.5.6}{\376\377\000S\000c\000a\000l\000i\000n\000g\000:\000\040\000r\000e\000f\000i\000n\000e\000m\000e\000n\000t\000\040\000r\000o\000u\000n\000d\000s\000,\000\040\000c\000o\000n\000v\000e\000r\000s\000a\000t\000i\000o\000n\000\040\000t\000u\000r\000n\000s\000,\000\040\000s\000e\000a\000r\000c\000h\000\040\000i\000t\000e\000r\000a\000t\000i\000o\000n\000s}{section.5}% 11
\BOOKMARK [2][-]{subsection.5.7}{\376\377\000T\000r\000e\000e\000-\000s\000e\000a\000r\000c\000h\000\040\000p\000o\000l\000i\000c\000y\000\040\000a\000b\000l\000a\000t\000i\000o\000n\000s}{section.5}% 12
\BOOKMARK [2][-]{subsection.5.8}{\376\377\000S\000u\000r\000r\000o\000g\000a\000t\000e\000-\000s\000c\000o\000r\000e\000\040\000v\000a\000l\000i\000d\000i\000t\000y}{section.5}% 13
\BOOKMARK [2][-]{subsection.5.9}{\376\377\000V\000a\000r\000i\000a\000n\000c\000e\000\040\000a\000n\000d\000\040\000s\000i\000g\000n\000i\000f\000i\000c\000a\000n\000c\000e}{section.5}% 14
\BOOKMARK [2][-]{subsection.5.10}{\376\377\000C\000r\000o\000s\000s\000-\000m\000o\000d\000e\000l\000\040\000s\000t\000r\000a\000t\000e\000g\000y\000\040\000t\000r\000a\000n\000s\000f\000e\000r}{section.5}% 15
\BOOKMARK [2][-]{subsection.5.11}{\376\377\000A\000p\000p\000l\000i\000e\000d\000\040\000b\000e\000h\000a\000v\000i\000o\000u\000r\000a\000l\000\040\000e\000v\000a\000l\000u\000a\000t\000i\000o\000n\000\040\000a\000c\000r\000o\000s\000s\000\040\000m\000o\000d\000e\000l\000s\000\040\000a\000n\000d\000\040\000b\000e\000h\000a\000v\000i\000o\000u\000r\000s}{section.5}% 16
\BOOKMARK [1][-]{section.6}{\376\377\000D\000i\000s\000c\000u\000s\000s\000i\000o\000n}{}% 17
\BOOKMARK [1][-]{section.7}{\376\377\000F\000u\000t\000u\000r\000e\000\040\000W\000o\000r\000k}{}% 18
\BOOKMARK [1][-]{section.8}{\376\377\000C\000o\000n\000c\000l\000u\000s\000i\000o\000n}{}% 19
\BOOKMARK [1][-]{section.A}{\376\377\000H\000y\000p\000e\000r\000p\000a\000r\000a\000m\000e\000t\000e\000r\000\040\000s\000c\000a\000l\000i\000n\000g}{}% 20
\BOOKMARK [2][-]{subsection.A.1}{\376\377\000T\000u\000r\000n\000s\000\040\000p\000e\000r\000\040\000r\000o\000l\000l\000o\000u\000t}{section.A}% 21
\BOOKMARK [2][-]{subsection.A.2}{\376\377\000R\000e\000f\000i\000n\000e\000m\000e\000n\000t\000\040\000r\000o\000u\000n\000d\000s}{section.A}% 22
\BOOKMARK [2][-]{subsection.A.3}{\376\377\000M\000e\000s\000s\000a\000g\000e\000\040\000/\000\040\000i\000n\000p\000u\000t\000\040\000l\000e\000n\000g\000t\000h}{section.A}% 23
\BOOKMARK [2][-]{subsection.A.4}{\376\377\000C\000a\000n\000d\000i\000d\000a\000t\000e\000s\000\040\000p\000e\000r\000\040\000b\000e\000a\000m}{section.A}% 24
\BOOKMARK [2][-]{subsection.A.5}{\376\377\000A\000l\000l\000o\000c\000a\000t\000i\000o\000n\000\040\000b\000e\000t\000w\000e\000e\000n\000\040\000t\000u\000r\000n\000s\000,\000\040\000r\000o\000u\000n\000d\000s\000,\000\040\000a\000n\000d\000\040\000w\000i\000d\000t\000h}{section.A}% 25
\BOOKMARK [1][-]{section.B}{\376\377\000S\000i\000g\000n\000i\000f\000i\000c\000a\000n\000c\000e\000\040\000t\000e\000s\000t\000s}{}% 26
\BOOKMARK [1][-]{section.C}{\376\377\000C\000r\000o\000s\000s\000-\000m\000o\000d\000e\000l\000\040\000s\000a\000n\000i\000t\000y\000\040\000c\000h\000e\000c\000k}{}% 27
\BOOKMARK [1][-]{section.D}{\376\377\000F\000a\000i\000l\000u\000r\000e\000\040\000m\000o\000d\000e\000s}{}% 28
\BOOKMARK [1][-]{section.E}{\376\377\000A\000d\000d\000i\000t\000i\000o\000n\000a\000l\000\040\000q\000u\000a\000l\000i\000t\000a\000t\000i\000v\000e\000\040\000e\000x\000a\000m\000p\000l\000e\000s}{}% 29
